[    33.530] (--) Log file renamed from "/home/tourou/.local/share/xorg/Xorg.pid-1269.log" to "/home/tourou/.local/share/xorg/Xorg.0.log"
[    33.532] 
X.Org X Server 1.20.8
X Protocol Version 11, Revision 0
[    33.532] Build Operating System: Linux 4.15.0-115-generic x86_64 Ubuntu
[    33.532] Current Operating System: Linux ubuntu 5.4.0-53-generic #59~18.04.1-Ubuntu SMP Wed Oct 21 12:14:56 UTC 2020 x86_64
[    33.532] Kernel command line: BOOT_IMAGE=/boot/vmlinuz-5.4.0-53-generic root=UUID=25d180c5-d74f-4817-b909-7f35894c3c81 ro find_preseed=/preseed.cfg auto noprompt priority=critical locale=en_US quiet
[    33.532] Build Date: 04 September 2020  01:36:23PM
[    33.532] xorg-server-hwe-18.04 2:1.20.8-2ubuntu2.2~18.04.3 (For technical support please see http://www.ubuntu.com/support) 
[    33.532] Current version of pixman: 0.34.0
[    33.532] 	Before reporting problems, check http://wiki.x.org
	to make sure that you have the latest version.
[    33.532] Markers: (--) probed, (**) from config file, (==) default setting,
	(++) from command line, (!!) notice, (II) informational,
	(WW) warning, (EE) error, (NI) not implemented, (??) unknown.
[    33.532] (==) Log file: "/home/tourou/.local/share/xorg/Xorg.0.log", Time: Sat Nov 14 04:18:30 2020
[    33.534] (==) Using system config directory "/usr/share/X11/xorg.conf.d"
[    33.540] (==) No Layout section.  Using the first Screen section.
[    33.540] (==) No screen section available. Using defaults.
[    33.540] (**) |-->Screen "Default Screen Section" (0)
[    33.540] (**) |   |-->Monitor "<default monitor>"
[    33.540] (==) No monitor specified for screen "Default Screen Section".
	Using a default monitor configuration.
[    33.540] (==) Automatically adding devices
[    33.540] (==) Automatically enabling devices
[    33.540] (==) Automatically adding GPU devices
[    33.540] (==) Automatically binding GPU devices
[    33.540] (==) Max clients allowed: 256, resource mask: 0x1fffff
[    33.540] (WW) The directory "/usr/share/fonts/X11/cyrillic" does not exist.
[    33.540] 	Entry deleted from font path.
[    33.540] (WW) The directory "/usr/share/fonts/X11/100dpi/" does not exist.
[    33.540] 	Entry deleted from font path.
[    33.540] (WW) The directory "/usr/share/fonts/X11/75dpi/" does not exist.
[    33.540] 	Entry deleted from font path.
[    33.540] (WW) The directory "/usr/share/fonts/X11/100dpi" does not exist.
[    33.540] 	Entry deleted from font path.
[    33.540] (WW) The directory "/usr/share/fonts/X11/75dpi" does not exist.
[    33.540] 	Entry deleted from font path.
[    33.540] (==) FontPath set to:
	/usr/share/fonts/X11/misc,
	/usr/share/fonts/X11/Type1,
	built-ins
[    33.540] (==) ModulePath set to "/usr/lib/xorg/modules"
[    33.540] (II) The server relies on udev to provide the list of input devices.
	If no devices become available, reconfigure udev or disable AutoAddDevices.
[    33.540] (II) Loader magic: 0x55ad8e345020
[    33.540] (II) Module ABI versions:
[    33.540] 	X.Org ANSI C Emulation: 0.4
[    33.540] 	X.Org Video Driver: 24.1
[    33.540] 	X.Org XInput driver : 24.1
[    33.540] 	X.Org Server Extension : 10.0
[    33.542] (++) using VT number 2

[    33.547] (II) systemd-logind: took control of session /org/freedesktop/login1/session/_32
[    33.548] (II) xfree86: Adding drm device (/dev/dri/card0)
[    33.550] (II) systemd-logind: got fd for /dev/dri/card0 226:0 fd 12 paused 0
[    33.557] (--) PCI:*(0@0:15:0) 15ad:0405:15ad:0405 rev 0, Mem @ 0xe8000000/134217728, 0xfe000000/8388608, I/O @ 0x00001070/16, BIOS @ 0x????????/131072
[    33.557] (II) LoadModule: "glx"
[    33.558] (II) Loading /usr/lib/xorg/modules/extensions/libglx.so
[    33.564] (II) Module glx: vendor="X.Org Foundation"
[    33.564] 	compiled for 1.20.8, module version = 1.0.0
[    33.564] 	ABI class: X.Org Server Extension, version 10.0
[    33.564] (==) Matched vmware as autoconfigured driver 0
[    33.564] (==) Matched modesetting as autoconfigured driver 1
[    33.564] (==) Matched fbdev as autoconfigured driver 2
[    33.564] (==) Matched vesa as autoconfigured driver 3
[    33.564] (==) Assigned the driver to the xf86ConfigLayout
[    33.564] (II) LoadModule: "vmware"
[    33.564] (II) Loading /usr/lib/xorg/modules/drivers/vmware_drv.so
[    33.615] (II) Module vmware: vendor="X.Org Foundation"
[    33.615] 	compiled for 1.20.1, module version = 13.3.0
[    33.615] 	Module class: X.Org Video Driver
[    33.615] 	ABI class: X.Org Video Driver, version 24.0
[    33.615] (II) LoadModule: "modesetting"
[    33.615] (II) Loading /usr/lib/xorg/modules/drivers/modesetting_drv.so
[    33.620] (II) Module modesetting: vendor="X.Org Foundation"
[    33.620] 	compiled for 1.20.8, module version = 1.20.8
[    33.620] 	Module class: X.Org Video Driver
[    33.620] 	ABI class: X.Org Video Driver, version 24.1
[    33.620] (II) LoadModule: "fbdev"
[    33.620] (II) Loading /usr/lib/xorg/modules/drivers/fbdev_drv.so
[    33.622] (II) Module fbdev: vendor="X.Org Foundation"
[    33.622] 	compiled for 1.20.1, module version = 0.5.0
[    33.622] 	Module class: X.Org Video Driver
[    33.622] 	ABI class: X.Org Video Driver, version 24.0
[    33.622] (II) LoadModule: "vesa"
[    33.622] (II) Loading /usr/lib/xorg/modules/drivers/vesa_drv.so
[    33.624] (II) Module vesa: vendor="X.Org Foundation"
[    33.624] 	compiled for 1.20.1, module version = 2.4.0
[    33.624] 	Module class: X.Org Video Driver
[    33.624] 	ABI class: X.Org Video Driver, version 24.0
[    33.624] (II) vmware: driver for VMware SVGA: vmware0405, vmware0710
[    33.624] (II) modesetting: Driver for Modesetting Kernel Drivers: kms
[    33.624] (II) FBDEV: driver for framebuffer: fbdev
[    33.624] (II) VESA: driver for VESA chipsets: vesa
[    33.624] xf86EnableIOPorts: failed to set IOPL for I/O (Operation not permitted)
[    33.624] (WW) Falling back to old probe method for modesetting
[    33.624] (WW) Falling back to old probe method for fbdev
[    33.624] (II) Loading sub module "fbdevhw"
[    33.624] (II) LoadModule: "fbdevhw"
[    33.625] (II) Loading /usr/lib/xorg/modules/libfbdevhw.so
[    33.626] (II) Module fbdevhw: vendor="X.Org Foundation"
[    33.626] 	compiled for 1.20.8, module version = 0.0.2
[    33.626] 	ABI class: X.Org Video Driver, version 24.1
[    33.626] (EE) open /dev/fb0: Permission denied
[    33.626] (WW) VGA arbiter: cannot open kernel arbiter, no multi-card support
[    33.626] (II) vmware(0): Creating default Display subsection in Screen section
	"Default Screen Section" for depth/fbbpp 24/32
[    33.626] (--) vmware(0): DRM driver version is 2.15.0
[    33.626] (==) vmware(0): Depth 24, (--) framebuffer bpp 32
[    33.626] (==) vmware(0): RGB weight 888
[    33.626] (==) vmware(0): Default visual is TrueColor
[    33.626] (--) vmware(0): Min width 1, Max Width 16384.
[    33.626] (--) vmware(0): Min height 1, Max Height 16384.
[    33.627] (II) vmware(0): Output Virtual1 has no monitor section
[    33.627] (II) vmware(0): Output Virtual2 has no monitor section
[    33.627] (II) vmware(0): Output Virtual3 has no monitor section
[    33.627] (II) vmware(0): Output Virtual4 has no monitor section
[    33.627] (II) vmware(0): Output Virtual5 has no monitor section
[    33.627] (II) vmware(0): Output Virtual6 has no monitor section
[    33.627] (II) vmware(0): Output Virtual7 has no monitor section
[    33.627] (II) vmware(0): Output Virtual8 has no monitor section
[    33.627] (II) vmware(0): Printing probed modes for output Virtual1
[    33.627] (II) vmware(0): Modeline "1364x616"x60.0   69.58  1364 1414 1464 1514  616 666 716 766 -hsync +vsync (46.0 kHz eP)
[    33.627] (II) vmware(0): Modeline "2560x1600"x60.0  348.50  2560 2752 3032 3504  1600 1603 1609 1658 -hsync +vsync (99.5 kHz e)
[    33.627] (II) vmware(0): Modeline "1920x1440"x60.0  234.00  1920 2048 2256 2600  1440 1441 1444 1500 -hsync +vsync (90.0 kHz e)
[    33.627] (II) vmware(0): Modeline "1856x1392"x60.0  218.25  1856 1952 2176 2528  1392 1393 1396 1439 -hsync +vsync (86.3 kHz e)
[    33.627] (II) vmware(0): Modeline "1792x1344"x60.0  204.75  1792 1920 2120 2448  1344 1345 1348 1394 -hsync +vsync (83.6 kHz e)
[    33.627] (II) vmware(0): Modeline "1920x1200"x59.9  193.25  1920 2056 2256 2592  1200 1203 1209 1245 -hsync +vsync (74.6 kHz e)
[    33.627] (II) vmware(0): Modeline "1600x1200"x60.0  162.00  1600 1664 1856 2160  1200 1201 1204 1250 +hsync +vsync (75.0 kHz e)
[    33.627] (II) vmware(0): Modeline "1680x1050"x60.0  146.25  1680 1784 1960 2240  1050 1053 1059 1089 -hsync +vsync (65.3 kHz e)
[    33.627] (II) vmware(0): Modeline "1400x1050"x60.0  121.75  1400 1488 1632 1864  1050 1053 1057 1089 -hsync +vsync (65.3 kHz e)
[    33.627] (II) vmware(0): Modeline "1280x1024"x60.0  108.00  1280 1328 1440 1688  1024 1025 1028 1066 +hsync +vsync (64.0 kHz e)
[    33.627] (II) vmware(0): Modeline "1440x900"x59.9  106.50  1440 1520 1672 1904  900 903 909 934 -hsync +vsync (55.9 kHz e)
[    33.627] (II) vmware(0): Modeline "1280x960"x60.0  108.00  1280 1376 1488 1800  960 961 964 1000 +hsync +vsync (60.0 kHz e)
[    33.627] (II) vmware(0): Modeline "1360x768"x60.0   85.50  1360 1424 1536 1792  768 771 777 795 +hsync +vsync (47.7 kHz e)
[    33.627] (II) vmware(0): Modeline "1280x800"x59.8   83.50  1280 1352 1480 1680  800 803 809 831 +hsync -vsync (49.7 kHz e)
[    33.627] (II) vmware(0): Modeline "1152x864"x75.0  108.00  1152 1216 1344 1600  864 865 868 900 +hsync +vsync (67.5 kHz e)
[    33.627] (II) vmware(0): Modeline "1280x768"x59.9   79.50  1280 1344 1472 1664  768 771 778 798 -hsync +vsync (47.8 kHz e)
[    33.627] (II) vmware(0): Modeline "1024x768"x60.0   65.00  1024 1048 1184 1344  768 771 777 806 -hsync -vsync (48.4 kHz e)
[    33.627] (II) vmware(0): Modeline "800x600"x60.3   40.00  800 840 968 1056  600 601 605 628 +hsync +vsync (37.9 kHz e)
[    33.627] (II) vmware(0): Modeline "640x480"x59.9   25.18  640 656 752 800  480 489 492 525 -hsync -vsync (31.5 kHz e)
[    33.627] (II) vmware(0): EDID for output Virtual2
[    33.628] (II) vmware(0): EDID for output Virtual3
[    33.628] (II) vmware(0): EDID for output Virtual4
[    33.628] (II) vmware(0): EDID for output Virtual5
[    33.628] (II) vmware(0): EDID for output Virtual6
[    33.628] (II) vmware(0): EDID for output Virtual7
[    33.628] (II) vmware(0): EDID for output Virtual8
[    33.628] (II) vmware(0): Output Virtual1 connected
[    33.628] (II) vmware(0): Output Virtual2 disconnected
[    33.628] (II) vmware(0): Output Virtual3 disconnected
[    33.628] (II) vmware(0): Output Virtual4 disconnected
[    33.628] (II) vmware(0): Output Virtual5 disconnected
[    33.628] (II) vmware(0): Output Virtual6 disconnected
[    33.628] (II) vmware(0): Output Virtual7 disconnected
[    33.628] (II) vmware(0): Output Virtual8 disconnected
[    33.628] (II) vmware(0): Using exact sizes for initial modes
[    33.628] (II) vmware(0): Output Virtual1 using initial mode 1364x616 +0+0
[    33.628] (==) vmware(0): DPI set to (96, 96)
[    33.628] (==) vmware(0): Using gamma correction (1.0, 1.0, 1.0)
[    33.628] (II) Loading sub module "fb"
[    33.628] (II) LoadModule: "fb"
[    33.629] (II) Loading /usr/lib/xorg/modules/libfb.so
[    33.632] (II) Module fb: vendor="X.Org Foundation"
[    33.632] 	compiled for 1.20.8, module version = 1.0.0
[    33.632] 	ABI class: X.Org ANSI C Emulation, version 0.4
[    33.632] (II) Loading sub module "dri2"
[    33.632] (II) LoadModule: "dri2"
[    33.632] (II) Module "dri2" already built-in
[    33.632] (II) Loading sub module "dri3"
[    33.632] (II) LoadModule: "dri3"
[    33.632] (II) Module "dri3" already built-in
[    33.632] (II) UnloadModule: "modesetting"
[    33.632] (II) Unloading modesetting
[    33.632] (II) UnloadModule: "fbdev"
[    33.632] (II) Unloading fbdev
[    33.632] (II) UnloadSubModule: "fbdevhw"
[    33.632] (II) Unloading fbdevhw
[    33.632] (II) UnloadModule: "vesa"
[    33.632] (II) Unloading vesa
[    33.635] (II) vmware(0): Initialized VMWARE_CTRL extension version 0.2
[    33.694] (II) vmware(0): Gallium3D XA version: 2.5.0.
[    33.694] (II) vmware(0): Path of drm device is "/dev/dri/card0".
[    33.694] (II) vmware(0): [DRI2] Setup complete
[    33.694] (II) vmware(0): [DRI2]   DRI driver: vmwgfx
[    34.372] (--) vmware(0): Render acceleration is enabled.
[    34.372] (==) vmware(0): Rendercheck mode is disabled.
[    34.372] (--) vmware(0): Direct rendering (DRI2 3D) is enabled.
[    34.372] (--) vmware(0): Direct rendering (DRI3 3D) is enabled.
[    34.373] (==) vmware(0): Direct presents are disabled.
[    34.373] (==) vmware(0): Hardware only presents are automatic per scanout.
[    34.373] (==) vmware(0): Backing store enabled
[    34.373] (==) vmware(0): Silken mouse enabled
[    34.376] (==) vmware(0): DPMS enabled
[    34.376] (II) Initializing extension Generic Event Extension
[    34.377] (II) Initializing extension SHAPE
[    34.377] (II) Initializing extension MIT-SHM
[    34.377] (II) Initializing extension XInputExtension
[    34.379] (II) Initializing extension XTEST
[    34.380] (II) Initializing extension BIG-REQUESTS
[    34.380] (II) Initializing extension SYNC
[    34.381] (II) Initializing extension XKEYBOARD
[    34.381] (II) Initializing extension XC-MISC
[    34.381] (II) Initializing extension SECURITY
[    34.381] (II) Initializing extension XFIXES
[    34.382] (II) Initializing extension RENDER
[    34.382] (II) Initializing extension RANDR
[    34.382] (II) Initializing extension COMPOSITE
[    34.383] (II) Initializing extension DAMAGE
[    34.383] (II) Initializing extension MIT-SCREEN-SAVER
[    34.383] (II) Initializing extension DOUBLE-BUFFER
[    34.384] (II) Initializing extension RECORD
[    34.384] (II) Initializing extension DPMS
[    34.384] (II) Initializing extension Present
[    34.384] (II) Initializing extension DRI3
[    34.385] (II) Initializing extension X-Resource
[    34.385] (II) Initializing extension XVideo
[    34.385] (II) Initializing extension XVideo-MotionCompensation
[    34.385] (II) Initializing extension SELinux
[    34.385] (II) SELinux: Disabled on system
[    34.386] (II) Initializing extension GLX
[    34.404] (II) AIGLX: Loaded and initialized vmwgfx
[    34.404] (II) GLX: Initialized DRI2 GL provider for screen 0
[    34.404] (II) Initializing extension XFree86-VidModeExtension
[    34.404] (II) Initializing extension XFree86-DGA
[    34.404] (II) Initializing extension XFree86-DRI
[    34.405] (II) Initializing extension DRI2
[    34.410] (II) vmware(0): Setting screen physical size to 360 x 162
[    34.461] (II) config/udev: Adding input device Power Button (/dev/input/event0)
[    34.461] (**) Power Button: Applying InputClass "libinput keyboard catchall"
[    34.461] (II) LoadModule: "libinput"
[    34.461] (II) Loading /usr/lib/xorg/modules/input/libinput_drv.so
[    34.465] (II) Module libinput: vendor="X.Org Foundation"
[    34.465] 	compiled for 1.20.1, module version = 0.28.1
[    34.465] 	Module class: X.Org XInput Driver
[    34.465] 	ABI class: X.Org XInput driver, version 24.1
[    34.466] (II) Using input driver 'libinput' for 'Power Button'
[    34.468] (II) systemd-logind: got fd for /dev/input/event0 13:64 fd 24 paused 0
[    34.468] (**) Power Button: always reports core events
[    34.469] (**) Option "Device" "/dev/input/event0"
[    34.470] (**) Option "_source" "server/udev"
[    34.471] (II) event0  - Power Button: is tagged by udev as: Keyboard
[    34.471] (II) event0  - Power Button: device is a keyboard
[    34.472] (II) event0  - Power Button: device removed
[    34.472] (**) Option "config_info" "udev:/sys/devices/LNXSYSTM:00/LNXPWRBN:00/input/input0/event0"
[    34.472] (II) XINPUT: Adding extended input device "Power Button" (type: KEYBOARD, id 6)
[    34.472] (**) Option "xkb_model" "SKIP"
[    34.473] (**) Option "xkb_layout" "us"
[    34.505] (II) event0  - Power Button: is tagged by udev as: Keyboard
[    34.505] (II) event0  - Power Button: device is a keyboard
[    34.507] (II) config/udev: Adding input device VMware VMware Virtual USB Mouse (/dev/input/event4)
[    34.507] (**) VMware VMware Virtual USB Mouse: Applying InputClass "libinput pointer catchall"
[    34.507] (II) Using input driver 'libinput' for 'VMware VMware Virtual USB Mouse'
[    34.567] (II) systemd-logind: got fd for /dev/input/event4 13:68 fd 27 paused 0
[    34.567] (**) VMware VMware Virtual USB Mouse: always reports core events
[    34.567] (**) Option "Device" "/dev/input/event4"
[    34.567] (**) Option "_source" "server/udev"
[    34.570] (II) event4  - VMware VMware Virtual USB Mouse: is tagged by udev as: Mouse
[    34.570] (II) event4  - VMware VMware Virtual USB Mouse: device is a pointer
[    34.570] (II) event4  - VMware VMware Virtual USB Mouse: device removed
[    34.570] (**) Option "config_info" "udev:/sys/devices/pci0000:00/0000:00:11.0/0000:02:00.0/usb2/2-1/2-1:1.0/0003:0E0F:0003.0001/input/input5/event4"
[    34.570] (II) XINPUT: Adding extended input device "VMware VMware Virtual USB Mouse" (type: MOUSE, id 7)
[    34.571] (**) Option "AccelerationScheme" "none"
[    34.571] (**) VMware VMware Virtual USB Mouse: (accel) selected scheme none/0
[    34.571] (**) VMware VMware Virtual USB Mouse: (accel) acceleration factor: 2.000
[    34.571] (**) VMware VMware Virtual USB Mouse: (accel) acceleration threshold: 4
[    34.572] (II) event4  - VMware VMware Virtual USB Mouse: is tagged by udev as: Mouse
[    34.572] (II) event4  - VMware VMware Virtual USB Mouse: device is a pointer
[    34.573] (II) config/udev: Adding input device VMware VMware Virtual USB Mouse (/dev/input/mouse2)
[    34.573] (II) No input driver specified, ignoring this device.
[    34.573] (II) This device may have been added with another device file.
[    34.574] (II) config/udev: Adding input device AT Translated Set 2 keyboard (/dev/input/event1)
[    34.574] (**) AT Translated Set 2 keyboard: Applying InputClass "libinput keyboard catchall"
[    34.574] (II) Using input driver 'libinput' for 'AT Translated Set 2 keyboard'
[    34.577] (II) systemd-logind: got fd for /dev/input/event1 13:65 fd 28 paused 0
[    34.577] (**) AT Translated Set 2 keyboard: always reports core events
[    34.577] (**) Option "Device" "/dev/input/event1"
[    34.577] (**) Option "_source" "server/udev"
[    34.578] (II) event1  - AT Translated Set 2 keyboard: is tagged by udev as: Keyboard
[    34.578] (II) event1  - AT Translated Set 2 keyboard: device is a keyboard
[    34.578] (II) event1  - AT Translated Set 2 keyboard: device removed
[    34.578] (**) Option "config_info" "udev:/sys/devices/platform/i8042/serio0/input/input1/event1"
[    34.578] (II) XINPUT: Adding extended input device "AT Translated Set 2 keyboard" (type: KEYBOARD, id 8)
[    34.578] (**) Option "xkb_model" "SKIP"
[    34.578] (**) Option "xkb_layout" "us"
[    34.579] (II) event1  - AT Translated Set 2 keyboard: is tagged by udev as: Keyboard
[    34.579] (II) event1  - AT Translated Set 2 keyboard: device is a keyboard
[    34.579] (II) config/udev: Adding input device VirtualPS/2 VMware VMMouse (/dev/input/event3)
[    34.579] (**) VirtualPS/2 VMware VMMouse: Applying InputClass "libinput pointer catchall"
[    34.579] (II) Using input driver 'libinput' for 'VirtualPS/2 VMware VMMouse'
[    34.581] (II) systemd-logind: got fd for /dev/input/event3 13:67 fd 29 paused 0
[    34.581] (**) VirtualPS/2 VMware VMMouse: always reports core events
[    34.581] (**) Option "Device" "/dev/input/event3"
[    34.581] (**) Option "_source" "server/udev"
[    34.582] (II) event3  - VirtualPS/2 VMware VMMouse: is tagged by udev as: Mouse
[    34.582] (II) event3  - VirtualPS/2 VMware VMMouse: device is a pointer
[    34.582] (II) event3  - VirtualPS/2 VMware VMMouse: device removed
[    34.582] (**) Option "config_info" "udev:/sys/devices/platform/i8042/serio1/input/input3/event3"
[    34.582] (II) XINPUT: Adding extended input device "VirtualPS/2 VMware VMMouse" (type: MOUSE, id 9)
[    34.582] (**) Option "AccelerationScheme" "none"
[    34.582] (**) VirtualPS/2 VMware VMMouse: (accel) selected scheme none/0
[    34.582] (**) VirtualPS/2 VMware VMMouse: (accel) acceleration factor: 2.000
[    34.582] (**) VirtualPS/2 VMware VMMouse: (accel) acceleration threshold: 4
[    34.583] (II) event3  - VirtualPS/2 VMware VMMouse: is tagged by udev as: Mouse
[    34.583] (II) event3  - VirtualPS/2 VMware VMMouse: device is a pointer
[    34.583] (II) config/udev: Adding input device VirtualPS/2 VMware VMMouse (/dev/input/mouse1)
[    34.583] (II) No input driver specified, ignoring this device.
[    34.583] (II) This device may have been added with another device file.
[    34.585] (II) config/udev: Adding input device VirtualPS/2 VMware VMMouse (/dev/input/event2)
[    34.585] (**) VirtualPS/2 VMware VMMouse: Applying InputClass "libinput pointer catchall"
[    34.585] (II) Using input driver 'libinput' for 'VirtualPS/2 VMware VMMouse'
[    34.586] (II) systemd-logind: got fd for /dev/input/event2 13:66 fd 30 paused 0
[    34.586] (**) VirtualPS/2 VMware VMMouse: always reports core events
[    34.586] (**) Option "Device" "/dev/input/event2"
[    34.586] (**) Option "_source" "server/udev"
[    34.586] (II) event2  - VirtualPS/2 VMware VMMouse: is tagged by udev as: Mouse
[    34.586] (II) event2  - VirtualPS/2 VMware VMMouse: device is a pointer
[    34.586] (II) event2  - VirtualPS/2 VMware VMMouse: device removed
[    34.587] (**) Option "config_info" "udev:/sys/devices/platform/i8042/serio1/input/input4/event2"
[    34.587] (II) XINPUT: Adding extended input device "VirtualPS/2 VMware VMMouse" (type: MOUSE, id 10)
[    34.587] (**) Option "AccelerationScheme" "none"
[    34.587] (**) VirtualPS/2 VMware VMMouse: (accel) selected scheme none/0
[    34.587] (**) VirtualPS/2 VMware VMMouse: (accel) acceleration factor: 2.000
[    34.587] (**) VirtualPS/2 VMware VMMouse: (accel) acceleration threshold: 4
[    34.587] (II) event2  - VirtualPS/2 VMware VMMouse: is tagged by udev as: Mouse
[    34.587] (II) event2  - VirtualPS/2 VMware VMMouse: device is a pointer
[    34.587] (II) config/udev: Adding input device VirtualPS/2 VMware VMMouse (/dev/input/mouse0)
[    34.588] (II) No input driver specified, ignoring this device.
[    34.588] (II) This device may have been added with another device file.
